0 info it worked if it ends with ok
1 verbose cli [ 'C:\\Program Files\\nodejs\\node.exe',
1 verbose cli   'C:\\Users\\lenovo\\AppData\\Roaming\\npm\\node_modules\\npm\\bin\\npm-cli.js',
1 verbose cli   'update',
1 verbose cli   '-g',
1 verbose cli   'phonegap' ]
2 info using npm@2.7.1
3 info using node@v0.12.0
4 silly mapToRegistry name phonegap
5 silly mapToRegistry using default registry
6 silly mapToRegistry registry https://registry.npmjs.org/
7 silly mapToRegistry uri https://registry.npmjs.org/phonegap
8 verbose request uri https://registry.npmjs.org/phonegap
9 verbose request no auth needed
10 info attempt registry request try #1 at 17:32:50
11 verbose request id a0529a1a4e8d7e80
12 verbose etag "722829MX8OJDGHVRTTSMK3BRU"
13 http request GET https://registry.npmjs.org/phonegap
14 http 200 https://registry.npmjs.org/phonegap
15 silly get cb [ 200,
15 silly get   { server: 'CouchDB/1.5.0 (Erlang OTP/R16B03)',
15 silly get     etag: '"9TQW5ZH8GSRAGLB0F1HFYKZ0Q"',
15 silly get     'content-type': 'application/json',
15 silly get     'cache-control': 'max-age=300',
15 silly get     'content-length': '297361',
15 silly get     'accept-ranges': 'bytes',
15 silly get     date: 'Sat, 23 Apr 2016 20:32:33 GMT',
15 silly get     via: '1.1 varnish',
15 silly get     age: '116',
15 silly get     connection: 'keep-alive',
15 silly get     'x-served-by': 'cache-iad2137-IAD',
15 silly get     'x-cache': 'HIT',
15 silly get     'x-cache-hits': '1',
15 silly get     'x-timer': 'S1461443553.260465,VS0,VE0',
15 silly get     vary: 'Accept-Encoding' } ]
16 verbose get saving phonegap to C:\Users\lenovo\AppData\Roaming\npm-cache\registry.npmjs.org\phonegap\.cache.json
17 info outdated updating [ [ 'C:\\Users\\lenovo\\AppData\\Roaming\\npm',
17 info outdated     'phonegap',
17 info outdated     '5.0.0-0.28.1',
17 info outdated     '6.2.0',
17 info outdated     '6.2.0',
17 info outdated     'latest' ] ]
18 verbose install where, what [ 'C:\\Users\\lenovo\\AppData\\Roaming\\npm',
18 verbose install   [ 'phonegap@6.2.0' ] ]
19 silly cache add args [ 'phonegap@6.2.0', null ]
20 verbose cache add spec phonegap@6.2.0
21 silly cache add parsed spec { raw: 'phonegap@6.2.0',
21 silly cache add   scope: null,
21 silly cache add   name: 'phonegap',
21 silly cache add   rawSpec: '6.2.0',
21 silly cache add   spec: '6.2.0',
21 silly cache add   type: 'version' }
22 verbose addNamed phonegap@6.2.0
23 silly addNamed semver.valid 6.2.0
24 silly addNamed semver.validRange 6.2.0
25 silly mapToRegistry name phonegap
26 silly mapToRegistry using default registry
27 silly mapToRegistry registry https://registry.npmjs.org/
28 silly mapToRegistry uri https://registry.npmjs.org/phonegap
29 verbose addNameVersion registry:https://registry.npmjs.org/phonegap not in flight; fetching
30 verbose get https://registry.npmjs.org/phonegap not expired, no request
31 silly mapToRegistry name phonegap
32 silly mapToRegistry using default registry
33 silly mapToRegistry registry https://registry.npmjs.org/
34 silly mapToRegistry uri https://registry.npmjs.org/phonegap
35 verbose addRemoteTarball https://registry.npmjs.org/phonegap/-/phonegap-6.2.0.tgz not in flight; adding
36 verbose addRemoteTarball [ 'https://registry.npmjs.org/phonegap/-/phonegap-6.2.0.tgz',
36 verbose addRemoteTarball   '152e2972f4df0f7c44da5ae4ab8a30e1c2b7fc25' ]
37 info retry fetch attempt 1 at 17:32:53
38 info attempt registry request try #1 at 17:32:53
39 http fetch GET https://registry.npmjs.org/phonegap/-/phonegap-6.2.0.tgz
40 http fetch 200 https://registry.npmjs.org/phonegap/-/phonegap-6.2.0.tgz
41 silly fetchAndShaCheck shasum 152e2972f4df0f7c44da5ae4ab8a30e1c2b7fc25
42 verbose addTmpTarball C:\Users\lenovo\AppData\Local\Temp\npm-6568-564c7a2e\registry.npmjs.org\phonegap\-\phonegap-6.2.0.tgz not in flight; adding
43 verbose addTmpTarball already have metadata; skipping unpack for phonegap@6.2.0
44 silly cache afterAdd phonegap@6.2.0
45 verbose afterAdd C:\Users\lenovo\AppData\Roaming\npm-cache\phonegap\6.2.0\package\package.json not in flight; writing
46 verbose afterAdd C:\Users\lenovo\AppData\Roaming\npm-cache\phonegap\6.2.0\package\package.json written
47 silly install resolved [ { name: 'phonegap',
47 silly install resolved     description: 'PhoneGap command-line interface and node.js library.',
47 silly install resolved     version: '6.2.0',
47 silly install resolved     homepage: 'http://github.com/phonegap/phonegap-cli',
47 silly install resolved     repository:
47 silly install resolved      { type: 'git',
47 silly install resolved        url: 'git://github.com/phonegap/phonegap-cli.git' },
47 silly install resolved     keywords:
47 silly install resolved      [ 'cli',
47 silly install resolved        'cordova',
47 silly install resolved        'phonegap',
47 silly install resolved        'phonegap build',
47 silly install resolved        'phonegap/build' ],
47 silly install resolved     preferGlobal: 'true',
47 silly install resolved     main: './lib/main.js',
47 silly install resolved     bin: { phonegap: './bin/phonegap.js' },
47 silly install resolved     scripts: { test: 'node node_modules/jasmine-node/bin/jasmine-node --color spec' },
47 silly install resolved     engineStrict: 'true',
47 silly install resolved     engines: { node: '>=0.10.0' },
47 silly install resolved     dependencies:
47 silly install resolved      { colors: '0.6.0-1',
47 silly install resolved        'connect-phonegap': '0.20.6',
47 silly install resolved        cordova: '6.1.1',
47 silly install resolved        minimist: '0.1.0',
47 silly install resolved        opener: '1.4.1',
47 silly install resolved        'phonegap-build': '0.10.0',
47 silly install resolved        pluralize: '0.0.4',
47 silly install resolved        prompt: '0.2.11',
47 silly install resolved        'qrcode-terminal': '0.9.4',
47 silly install resolved        semver: '1.1.0',
47 silly install resolved        shelljs: '0.1.4',
47 silly install resolved        'update-notifier': '^0.6.0' },
47 silly install resolved     devDependencies: { 'jasmine-node': '1.14.5', chdir: '0.0.x' },
47 silly install resolved     optionalDependencies: {},
47 silly install resolved     contributors:
47 silly install resolved      [ [Object],
47 silly install resolved        [Object],
47 silly install resolved        [Object],
47 silly install resolved        [Object],
47 silly install resolved        [Object],
47 silly install resolved        [Object],
47 silly install resolved        [Object] ],
47 silly install resolved     templates:
47 silly install resolved      { blank: [Object],
47 silly install resolved        'hello-world': [Object],
47 silly install resolved        framework7: [Object],
47 silly install resolved        'react-hot-loader': [Object] },
47 silly install resolved     gitHead: '2cb4c70b78148551cb5559c13733cc95c2ac4b08',
47 silly install resolved     bugs: { url: 'https://github.com/phonegap/phonegap-cli/issues' },
47 silly install resolved     _id: 'phonegap@6.2.0',
47 silly install resolved     _shasum: '152e2972f4df0f7c44da5ae4ab8a30e1c2b7fc25',
47 silly install resolved     _from: 'phonegap@6.2.0',
47 silly install resolved     _npmVersion: '2.14.7',
47 silly install resolved     _nodeVersion: '4.2.2',
47 silly install resolved     _npmUser: { name: 'macdonst', email: 'simon.macdonald@gmail.com' },
47 silly install resolved     dist:
47 silly install resolved      { shasum: '152e2972f4df0f7c44da5ae4ab8a30e1c2b7fc25',
47 silly install resolved        tarball: 'https://registry.npmjs.org/phonegap/-/phonegap-6.2.0.tgz' },
47 silly install resolved     maintainers:
47 silly install resolved      [ [Object],
47 silly install resolved        [Object],
47 silly install resolved        [Object],
47 silly install resolved        [Object],
47 silly install resolved        [Object],
47 silly install resolved        [Object],
47 silly install resolved        [Object] ],
47 silly install resolved     _npmOperationalInternal:
47 silly install resolved      { host: 'packages-16-east.internal.npmjs.com',
47 silly install resolved        tmp: 'tmp/phonegap-6.2.0.tgz_1461357626224_0.6348447592463344' },
47 silly install resolved     directories: {},
47 silly install resolved     _resolved: 'https://registry.npmjs.org/phonegap/-/phonegap-6.2.0.tgz' } ]
48 info install phonegap@6.2.0 into C:\Users\lenovo\AppData\Roaming\npm
49 info installOne phonegap@6.2.0
50 verbose installOne of phonegap to C:\Users\lenovo\AppData\Roaming\npm not in flight; installing
51 verbose lock using C:\Users\lenovo\AppData\Roaming\npm-cache\_locks\phonegap-44d956616da1d8fe.lock for C:\Users\lenovo\AppData\Roaming\npm\node_modules\phonegap
52 silly install write writing phonegap 6.2.0 to C:\Users\lenovo\AppData\Roaming\npm\node_modules\phonegap
53 silly cache addNamed cb phonegap@6.2.0
54 verbose unbuild node_modules\phonegap
55 info preuninstall phonegap@5.0.0-0.28.1
56 info uninstall phonegap@5.0.0-0.28.1
57 verbose unbuild rmStuff phonegap@5.0.0-0.28.1 from C:\Users\lenovo\AppData\Roaming\npm\node_modules
58 verbose gentlyRm verifying that C:\Users\lenovo\AppData\Roaming\npm is managed by npm
59 silly isManaged C:\Users\lenovo\AppData\Roaming\npm is not inside C:\Users\lenovo\AppData\Roaming\npm\node_modules
60 silly isManaged C:\Users\lenovo\AppData\Roaming\npm is not inside C:\Users\lenovo\AppData\Roaming\npm\node_modules
61 silly isManaged C:\Users\lenovo\AppData\Roaming\npm is inside C:\Users\lenovo\AppData\Roaming\npm
62 silly gentlyRm C:\Users\lenovo\AppData\Roaming\npm is managed by npm
63 silly gentlyRm C:\Users\lenovo\AppData\Roaming\npm\phonegap.cmd is under C:\Users\lenovo\AppData\Roaming\npm
64 verbose gentlyRm vacuuming C:\Users\lenovo\AppData\Roaming\npm\phonegap.cmd up to C:\Users\lenovo\AppData\Roaming\npm
65 silly gentlyRm removing C:\Users\lenovo\AppData\Roaming\npm\phonegap.cmd
66 silly gentlyRm finished vacuuming up to C:\Users\lenovo\AppData\Roaming\npm
67 verbose gentlyRm verifying that C:\Users\lenovo\AppData\Roaming\npm is managed by npm
68 silly isManaged C:\Users\lenovo\AppData\Roaming\npm is not inside C:\Users\lenovo\AppData\Roaming\npm\node_modules
69 silly isManaged C:\Users\lenovo\AppData\Roaming\npm is not inside C:\Users\lenovo\AppData\Roaming\npm\node_modules
70 silly isManaged C:\Users\lenovo\AppData\Roaming\npm is inside C:\Users\lenovo\AppData\Roaming\npm
71 silly gentlyRm C:\Users\lenovo\AppData\Roaming\npm is managed by npm
72 silly gentlyRm C:\Users\lenovo\AppData\Roaming\npm\phonegap is under C:\Users\lenovo\AppData\Roaming\npm
73 verbose gentlyRm vacuuming C:\Users\lenovo\AppData\Roaming\npm\phonegap up to C:\Users\lenovo\AppData\Roaming\npm
74 silly gentlyRm removing C:\Users\lenovo\AppData\Roaming\npm\phonegap
75 silly gentlyRm finished vacuuming up to C:\Users\lenovo\AppData\Roaming\npm
76 info postuninstall phonegap@5.0.0-0.28.1
77 verbose gentlyRm vacuuming C:\Users\lenovo\AppData\Roaming\npm\node_modules\phonegap
78 silly gentlyRm purging C:\Users\lenovo\AppData\Roaming\npm\node_modules\phonegap
79 verbose unlock done using C:\Users\lenovo\AppData\Roaming\npm-cache\_locks\phonegap-44d956616da1d8fe.lock for C:\Users\lenovo\AppData\Roaming\npm\node_modules\phonegap
80 verbose stack Error: ENOTEMPTY, rmdir 'C:\Users\lenovo\AppData\Roaming\npm\node_modules\phonegap\node_modules\shelljs\test\resources\ls'
80 verbose stack     at Error (native)
81 verbose cwd D:\Proyectos\SIME\UIPiezas
82 error Windows_NT 6.1.7601
83 error argv "C:\\Program Files\\nodejs\\node.exe" "C:\\Users\\lenovo\\AppData\\Roaming\\npm\\node_modules\\npm\\bin\\npm-cli.js" "update" "-g" "phonegap"
84 error node v0.12.0
85 error npm  v2.7.1
86 error path C:\Users\lenovo\AppData\Roaming\npm\node_modules\phonegap\node_modules\shelljs\test\resources\ls
87 error code ENOTEMPTY
88 error errno -4051
89 error ENOTEMPTY, rmdir 'C:\Users\lenovo\AppData\Roaming\npm\node_modules\phonegap\node_modules\shelljs\test\resources\ls'
90 error If you need help, you may report this error at:
90 error     <https://github.com/npm/npm/issues>
91 verbose exit [ -4051, true ]
92 verbose unbuild node_modules\phonegap
93 verbose gentlyRm vacuuming C:\Users\lenovo\AppData\Roaming\npm\node_modules\phonegap
94 silly gentlyRm purging C:\Users\lenovo\AppData\Roaming\npm\node_modules\phonegap
95 error error rolling back Error: ENOTEMPTY, rmdir 'C:\Users\lenovo\AppData\Roaming\npm\node_modules\phonegap\node_modules\shelljs\test\resources\ls'
95 error error rolling back     at Error (native)
95 error error rolling back  { [Error: ENOTEMPTY, rmdir 'C:\Users\lenovo\AppData\Roaming\npm\node_modules\phonegap\node_modules\shelljs\test\resources\ls']
95 error error rolling back   errno: -4051,
95 error error rolling back   code: 'ENOTEMPTY',
95 error error rolling back   path: 'C:\\Users\\lenovo\\AppData\\Roaming\\npm\\node_modules\\phonegap\\node_modules\\shelljs\\test\\resources\\ls' }
